<?xml version="1.0" encoding="UTF-8"?>
<CSML xmlns="http://bacnet.org/csml/1.2" defaultLocale="en-US">
    <Definitions>
        <Sequence name="0-BACnetObjectPropertyReference">
            <ObjectIdentifier name="object-identifier" contextTag="0"/>
            <Enumerated name="property-identifier" contextTag="1" type="0-BACnetPropertyIdentifier"/>
            <Unsigned name="property-array-index" contextTag="2" optional="true"/>
        </Sequence>

        <Enumerated name="0-BACnetPropertyIdentifier">
            <NamedValues>
                <Unsigned name="absentee-limit" value="244"/>
            </NamedValues>
        </Enumerated>

        <Object name="0-AnalogInputObject">
            <Sequence name="event-algorithm-inhibit-ref" optional="true" propertyIdentifier="355" type="0-BACnetObjectPropertyReference" variability="operation-setting"/>
        </Object>
    </Definitions>
</CSML>

