<?xml version="1.0" encoding="UTF-8"?>
<CSML xmlns="http://bacnet.org/csml/1.2" defaultLocale="en-US">
    <Definitions>
        <Sequence name="0-TestSequence">
            <SequenceOf name="value" memberType="Integer"/>
        </Sequence>
    </Definitions>
</CSML>

