<?xml version="1.0" encoding="UTF-8"?>
<CSML xmlns="http://bacnet.org/csml/1.2" defaultLocale="en-US">
    <Definitions>
        <Sequence name="0-TestSequence1">
            <Null name="some-null"/>
        </Sequence>
        <SequenceOf name="0-TestSequence2" memberType="0-TestSequence1"/>
    </Definitions>
</CSML>

