<?xml version="1.0" encoding="UTF-8"?>
<CSML xmlns="http://bacnet.org/csml/1.2" defaultLocale="en-US">
    <Definitions>
        <Sequence name="0-BACnetTestSequence">
            <Enumerated name="action">
                <NamedValues>
                    <Unsigned name="direct" value="0"/>
                    <Unsigned name="reverse" value="1"/>
                </NamedValues>
            </Enumerated>
        </Sequence>
    </Definitions>
</CSML>
