<?xml version="1.0" encoding="UTF-8"?>
<CSML xmlns="http://bacnet.org/csml/1.2" defaultLocale="en-US">
    <Definitions>
        <Object name="0-AnalogInputObject">
            <Unsigned name="time-delay-normal" optional="true" propertyIdentifier="356" variability="operation-setting"/>
        </Object>
    </Definitions>
</CSML>

