<?xml version="1.0" encoding="UTF-8"?>
<CSML xmlns="http://bacnet.org/csml/1.2" defaultLocale="en-US">
    <Definitions>
        <Sequence name="0-BACnetTestSequence">
            <Sequence name="anon">
                <Unsigned name="value"/>
            </Sequence>
        </Sequence>
    </Definitions>
</CSML>
