<?xml version="1.0" encoding="UTF-8"?>
<CSML xmlns="http://bacnet.org/csml/1.2" defaultLocale="en-US">
    <!--
        Define a test sequence with a single required null.
    -->
    <Definitions>
        <Sequence name="0-BACnetTestSequence">
            <Null name="null"/>
        </Sequence>
    </Definitions>
</CSML>
