<?xml version="1.0" encoding="UTF-8"?>
<CSML xmlns="http://bacnet.org/csml/1.2" defaultLocale="en-US">
    <Definitions>
        <Sequence name="0-BACnetTestSequence">
            <Enumerated name="action" contextTag="3" type="0-BACnetAction" optional="true"/>
        </Sequence>

        <Enumerated name="0-BACnetAction">
            <NamedValues>
                <Unsigned name="direct" value="0"/>
                <Unsigned name="reverse" value="1"/>
            </NamedValues>
        </Enumerated>
    </Definitions>
</CSML>
