<?xml version="1.0" encoding="UTF-8"?>
<CSML xmlns="http://bacnet.org/csml/1.2" defaultLocale="en-US">
    <Definitions>
        <Object name="0-AnalogInputObject">
            <String minimumLength="1" name="object-name" propertyIdentifier="77" variability="configuration-setting"/>
        </Object>
    </Definitions>
</CSML>

