<?xml version="1.0" encoding="UTF-8"?>
<CSML xmlns="http://bacnet.org/csml/1.2" defaultLocale="en-US">
    <Definitions>
        <Sequence name="TestSequence1">
            <Null name="some-null"/>
        </Sequence>
        <Choice name="TestChoice">
            <Choices>
                <Integer name="some-integer"/>
                <Sequence name="some-sequence" type="TestSequence1"/>
            </Choices>
        </Choice>
    </Definitions>
</CSML>

