<?xml version="1.0" encoding="UTF-8"?>
<CSML xmlns="http://bacnet.org/csml/1.2" defaultLocale="en-US">
    <Definitions>
        <Object name="0-AnalogInputObject">
            <Real name="present-value" propertyIdentifier="85" variability="status"/>
        </Object>
    </Definitions>
</CSML>

