<?xml version="1.0" encoding="UTF-8"?>
<CSML xmlns="http://bacnet.org/csml/1.2" defaultLocale="en-US">
    <Definitions>
        <Sequence name="0-BACnetTestSequence">
            <OctetString name="week-n-day" type="0-BACnetWeekNDay"/>
        </Sequence>
        <OctetString name="0-BACnetWeekNDay"
            minimumLength="3"
            maximumLength="3"
            comment="first octet..."
        />
    </Definitions>
</CSML>
